ARM GAS  C:\Users\danaukes\AppData\Local\Temp\cct4FgtV.s 			page 1


   1              		.syntax unified
   2              		.cpu cortex-m3
   3              		.fpu softvfp
   4              		.eabi_attribute 20, 1
   5              		.eabi_attribute 21, 1
   6              		.eabi_attribute 23, 3
   7              		.eabi_attribute 24, 1
   8              		.eabi_attribute 25, 1
   9              		.eabi_attribute 26, 1
  10              		.eabi_attribute 30, 1
  11              		.eabi_attribute 34, 1
  12              		.eabi_attribute 18, 4
  13              		.thumb
  14              		.syntax unified
  15              		.file	"cymetadata.c"
  16              		.text
  17              	.Ltext0:
  18              		.cfi_sections	.debug_frame
  19              		.global	cy_metadata
  20              		.global	cy_meta_flashprotect
  21              		.global	cy_meta_wonvl
  22              		.global	cy_meta_custnvl
  23              		.global	cy_meta_configecc
  24              		.section	.cyconfigecc,"a",%progbits
  25              		.align	2
  26              		.type	cy_meta_configecc, %object
  27              		.size	cy_meta_configecc, 1240
  28              	cy_meta_configecc:
  29 0000 01       		.byte	1
  30 0001 45       		.byte	69
  31 0002 00       		.byte	0
  32 0003 40       		.byte	64
  33 0004 02       		.byte	2
  34 0005 4F       		.byte	79
  35 0006 00       		.byte	0
  36 0007 40       		.byte	64
  37 0008 03       		.byte	3
  38 0009 52       		.byte	82
  39 000a 00       		.byte	0
  40 000b 40       		.byte	64
  41 000c 01       		.byte	1
  42 000d 5B       		.byte	91
  43 000e 00       		.byte	0
  44 000f 40       		.byte	64
  45 0010 01       		.byte	1
  46 0011 64       		.byte	100
  47 0012 00       		.byte	0
  48 0013 40       		.byte	64
  49 0014 03       		.byte	3
  50 0015 02       		.byte	2
  51 0016 01       		.byte	1
  52 0017 40       		.byte	64
  53 0018 05       		.byte	5
  54 0019 03       		.byte	3
  55 001a 01       		.byte	1
  56 001b 40       		.byte	64
  57 001c 01       		.byte	1
ARM GAS  C:\Users\danaukes\AppData\Local\Temp\cct4FgtV.s 			page 2


  58 001d 05       		.byte	5
  59 001e 01       		.byte	1
  60 001f 40       		.byte	64
  61 0020 01       		.byte	1
  62 0021 07       		.byte	7
  63 0022 01       		.byte	1
  64 0023 40       		.byte	64
  65 0024 0F       		.byte	15
  66 0025 08       		.byte	8
  67 0026 01       		.byte	1
  68 0027 40       		.byte	64
  69 0028 3B       		.byte	59
  70 0029 09       		.byte	9
  71 002a 01       		.byte	1
  72 002b 40       		.byte	64
  73 002c 38       		.byte	56
  74 002d 0A       		.byte	10
  75 002e 01       		.byte	1
  76 002f 40       		.byte	64
  77 0030 41       		.byte	65
  78 0031 0B       		.byte	11
  79 0032 01       		.byte	1
  80 0033 40       		.byte	64
  81 0034 0E       		.byte	14
  82 0035 0C       		.byte	12
  83 0036 01       		.byte	1
  84 0037 40       		.byte	64
  85 0038 35       		.byte	53
  86 0039 0D       		.byte	13
  87 003a 01       		.byte	1
  88 003b 40       		.byte	64
  89 003c 16       		.byte	22
  90 003d 0E       		.byte	14
  91 003e 01       		.byte	1
  92 003f 40       		.byte	64
  93 0040 24       		.byte	36
  94 0041 0F       		.byte	15
  95 0042 01       		.byte	1
  96 0043 40       		.byte	64
  97 0044 01       		.byte	1
  98 0045 15       		.byte	21
  99 0046 01       		.byte	1
 100 0047 40       		.byte	64
 101 0048 01       		.byte	1
 102 0049 17       		.byte	23
 103 004a 01       		.byte	1
 104 004b 40       		.byte	64
 105 004c 0E       		.byte	14
 106 004d 18       		.byte	24
 107 004e 01       		.byte	1
 108 004f 40       		.byte	64
 109 0050 2B       		.byte	43
 110 0051 19       		.byte	25
 111 0052 01       		.byte	1
 112 0053 40       		.byte	64
 113 0054 06       		.byte	6
 114 0055 1A       		.byte	26
ARM GAS  C:\Users\danaukes\AppData\Local\Temp\cct4FgtV.s 			page 3


 115 0056 01       		.byte	1
 116 0057 40       		.byte	64
 117 0058 2B       		.byte	43
 118 0059 1B       		.byte	27
 119 005a 01       		.byte	1
 120 005b 40       		.byte	64
 121 005c 0B       		.byte	11
 122 005d 40       		.byte	64
 123 005e 01       		.byte	1
 124 005f 40       		.byte	64
 125 0060 0A       		.byte	10
 126 0061 41       		.byte	65
 127 0062 01       		.byte	1
 128 0063 40       		.byte	64
 129 0064 07       		.byte	7
 130 0065 42       		.byte	66
 131 0066 01       		.byte	1
 132 0067 40       		.byte	64
 133 0068 03       		.byte	3
 134 0069 43       		.byte	67
 135 006a 01       		.byte	1
 136 006b 40       		.byte	64
 137 006c 03       		.byte	3
 138 006d 44       		.byte	68
 139 006e 01       		.byte	1
 140 006f 40       		.byte	64
 141 0070 09       		.byte	9
 142 0071 45       		.byte	69
 143 0072 01       		.byte	1
 144 0073 40       		.byte	64
 145 0074 06       		.byte	6
 146 0075 46       		.byte	70
 147 0076 01       		.byte	1
 148 0077 40       		.byte	64
 149 0078 0A       		.byte	10
 150 0079 47       		.byte	71
 151 007a 01       		.byte	1
 152 007b 40       		.byte	64
 153 007c 04       		.byte	4
 154 007d 48       		.byte	72
 155 007e 01       		.byte	1
 156 007f 40       		.byte	64
 157 0080 01       		.byte	1
 158 0081 49       		.byte	73
 159 0082 01       		.byte	1
 160 0083 40       		.byte	64
 161 0084 03       		.byte	3
 162 0085 4C       		.byte	76
 163 0086 01       		.byte	1
 164 0087 40       		.byte	64
 165 0088 04       		.byte	4
 166 0089 4D       		.byte	77
 167 008a 01       		.byte	1
 168 008b 40       		.byte	64
 169 008c 07       		.byte	7
 170 008d 50       		.byte	80
 171 008e 01       		.byte	1
ARM GAS  C:\Users\danaukes\AppData\Local\Temp\cct4FgtV.s 			page 4


 172 008f 40       		.byte	64
 173 0090 02       		.byte	2
 174 0091 51       		.byte	81
 175 0092 01       		.byte	1
 176 0093 40       		.byte	64
 177 0094 7E       		.byte	126
 178 0095 02       		.byte	2
 179 0096 01       		.byte	1
 180 0097 10       		.byte	16
 181 0098 0A       		.byte	10
 182 0099 4B       		.byte	75
 183 009a 10       		.byte	16
 184 009b 01       		.byte	1
 185 009c 11       		.byte	17
 186 009d 02       		.byte	2
 187 009e 7C       		.byte	124
 188 009f 40       		.byte	64
 189 00a0 27       		.byte	39
 190 00a1 84       		.byte	-124
 191 00a2 8A       		.byte	-118
 192 00a3 02       		.byte	2
 193 00a4 3E       		.byte	62
 194 00a5 04       		.byte	4
 195 00a6 58       		.byte	88
 196 00a7 04       		.byte	4
 197 00a8 5F       		.byte	95
 198 00a9 01       		.byte	1
 199 00aa 1F       		.byte	31
 200 00ab 08       		.byte	8
 201 00ac E2       		.byte	-30
 202 00ad 02       		.byte	2
 203 00ae E6       		.byte	-26
 204 00af 04       		.byte	4
 205 00b0 E8       		.byte	-24
 206 00b1 20       		.byte	32
 207 00b2 EE       		.byte	-18
 208 00b3 08       		.byte	8
 209 00b4 AB       		.byte	-85
 210 00b5 08       		.byte	8
 211 00b6 EE       		.byte	-18
 212 00b7 04       		.byte	4
 213 00b8 56       		.byte	86
 214 00b9 08       		.byte	8
 215 00ba 58       		.byte	88
 216 00bb 04       		.byte	4
 217 00bc 59       		.byte	89
 218 00bd 04       		.byte	4
 219 00be 5B       		.byte	91
 220 00bf 04       		.byte	4
 221 00c0 5D       		.byte	93
 222 00c1 90       		.byte	-112
 223 00c2 5F       		.byte	95
 224 00c3 01       		.byte	1
 225 00c4 87       		.byte	-121
 226 00c5 02       		.byte	2
 227 00c6 8F       		.byte	-113
 228 00c7 01       		.byte	1
ARM GAS  C:\Users\danaukes\AppData\Local\Temp\cct4FgtV.s 			page 5


 229 00c8 A6       		.byte	-90
 230 00c9 01       		.byte	1
 231 00ca B3       		.byte	-77
 232 00cb 02       		.byte	2
 233 00cc B5       		.byte	-75
 234 00cd 01       		.byte	1
 235 00ce B6       		.byte	-74
 236 00cf 01       		.byte	1
 237 00d0 D8       		.byte	-40
 238 00d1 04       		.byte	4
 239 00d2 D9       		.byte	-39
 240 00d3 04       		.byte	4
 241 00d4 DF       		.byte	-33
 242 00d5 01       		.byte	1
 243 00d6 00       		.byte	0
 244 00d7 08       		.byte	8
 245 00d8 01       		.byte	1
 246 00d9 80       		.byte	-128
 247 00da 02       		.byte	2
 248 00db 44       		.byte	68
 249 00dc 03       		.byte	3
 250 00dd 80       		.byte	-128
 251 00de 04       		.byte	4
 252 00df 02       		.byte	2
 253 00e0 05       		.byte	5
 254 00e1 80       		.byte	-128
 255 00e2 07       		.byte	7
 256 00e3 80       		.byte	-128
 257 00e4 09       		.byte	9
 258 00e5 08       		.byte	8
 259 00e6 0B       		.byte	11
 260 00e7 40       		.byte	64
 261 00e8 0D       		.byte	13
 262 00e9 09       		.byte	9
 263 00ea 10       		.byte	16
 264 00eb 10       		.byte	16
 265 00ec 12       		.byte	18
 266 00ed 02       		.byte	2
 267 00ee 16       		.byte	22
 268 00ef 44       		.byte	68
 269 00f0 17       		.byte	23
 270 00f1 08       		.byte	8
 271 00f2 19       		.byte	25
 272 00f3 80       		.byte	-128
 273 00f4 20       		.byte	32
 274 00f5 08       		.byte	8
 275 00f6 21       		.byte	33
 276 00f7 08       		.byte	8
 277 00f8 22       		.byte	34
 278 00f9 18       		.byte	24
 279 00fa 23       		.byte	35
 280 00fb 08       		.byte	8
 281 00fc 29       		.byte	41
 282 00fd 80       		.byte	-128
 283 00fe 2A       		.byte	42
 284 00ff 04       		.byte	4
 285 0100 2B       		.byte	43
ARM GAS  C:\Users\danaukes\AppData\Local\Temp\cct4FgtV.s 			page 6


 286 0101 80       		.byte	-128
 287 0102 2D       		.byte	45
 288 0103 80       		.byte	-128
 289 0104 2F       		.byte	47
 290 0105 80       		.byte	-128
 291 0106 31       		.byte	49
 292 0107 08       		.byte	8
 293 0108 32       		.byte	50
 294 0109 52       		.byte	82
 295 010a 36       		.byte	54
 296 010b 0A       		.byte	10
 297 010c 38       		.byte	56
 298 010d 80       		.byte	-128
 299 010e 39       		.byte	57
 300 010f 04       		.byte	4
 301 0110 3C       		.byte	60
 302 0111 18       		.byte	24
 303 0112 3F       		.byte	63
 304 0113 40       		.byte	64
 305 0114 4C       		.byte	76
 306 0115 01       		.byte	1
 307 0116 4F       		.byte	79
 308 0117 40       		.byte	64
 309 0118 5E       		.byte	94
 310 0119 80       		.byte	-128
 311 011a 66       		.byte	102
 312 011b 80       		.byte	-128
 313 011c 90       		.byte	-112
 314 011d 90       		.byte	-112
 315 011e 91       		.byte	-111
 316 011f 06       		.byte	6
 317 0120 92       		.byte	-110
 318 0121 80       		.byte	-128
 319 0122 93       		.byte	-109
 320 0123 40       		.byte	64
 321 0124 98       		.byte	-104
 322 0125 10       		.byte	16
 323 0126 9A       		.byte	-102
 324 0127 04       		.byte	4
 325 0128 9D       		.byte	-99
 326 0129 80       		.byte	-128
 327 012a 9E       		.byte	-98
 328 012b 80       		.byte	-128
 329 012c A2       		.byte	-94
 330 012d 42       		.byte	66
 331 012e A3       		.byte	-93
 332 012f 80       		.byte	-128
 333 0130 A4       		.byte	-92
 334 0131 04       		.byte	4
 335 0132 A5       		.byte	-91
 336 0133 08       		.byte	8
 337 0134 B1       		.byte	-79
 338 0135 80       		.byte	-128
 339 0136 B2       		.byte	-78
 340 0137 20       		.byte	32
 341 0138 B7       		.byte	-73
 342 0139 40       		.byte	64
ARM GAS  C:\Users\danaukes\AppData\Local\Temp\cct4FgtV.s 			page 7


 343 013a C0       		.byte	-64
 344 013b 9F       		.byte	-97
 345 013c C2       		.byte	-62
 346 013d 3C       		.byte	60
 347 013e C4       		.byte	-60
 348 013f 75       		.byte	117
 349 0140 CA       		.byte	-54
 350 0141 9B       		.byte	-101
 351 0142 CC       		.byte	-52
 352 0143 CF       		.byte	-49
 353 0144 CE       		.byte	-50
 354 0145 7A       		.byte	122
 355 0146 D6       		.byte	-42
 356 0147 10       		.byte	16
 357 0148 D8       		.byte	-40
 358 0149 10       		.byte	16
 359 014a EE       		.byte	-18
 360 014b 04       		.byte	4
 361 014c 00       		.byte	0
 362 014d 40       		.byte	64
 363 014e 02       		.byte	2
 364 014f 80       		.byte	-128
 365 0150 03       		.byte	3
 366 0151 04       		.byte	4
 367 0152 06       		.byte	6
 368 0153 02       		.byte	2
 369 0154 07       		.byte	7
 370 0155 08       		.byte	8
 371 0156 0A       		.byte	10
 372 0157 04       		.byte	4
 373 0158 0B       		.byte	11
 374 0159 01       		.byte	1
 375 015a 0E       		.byte	14
 376 015b 01       		.byte	1
 377 015c 0F       		.byte	15
 378 015d 02       		.byte	2
 379 015e 10       		.byte	16
 380 015f 10       		.byte	16
 381 0160 12       		.byte	18
 382 0161 20       		.byte	32
 383 0162 15       		.byte	21
 384 0163 08       		.byte	8
 385 0164 16       		.byte	22
 386 0165 08       		.byte	8
 387 0166 18       		.byte	24
 388 0167 01       		.byte	1
 389 0168 19       		.byte	25
 390 0169 02       		.byte	2
 391 016a 1C       		.byte	28
 392 016b 02       		.byte	2
 393 016c 20       		.byte	32
 394 016d 04       		.byte	4
 395 016e 23       		.byte	35
 396 016f 10       		.byte	16
 397 0170 24       		.byte	36
 398 0171 08       		.byte	8
 399 0172 25       		.byte	37
ARM GAS  C:\Users\danaukes\AppData\Local\Temp\cct4FgtV.s 			page 8


 400 0173 04       		.byte	4
 401 0174 28       		.byte	40
 402 0175 20       		.byte	32
 403 0176 29       		.byte	41
 404 0177 01       		.byte	1
 405 0178 2A       		.byte	42
 406 0179 10       		.byte	16
 407 017a 2C       		.byte	44
 408 017b 80       		.byte	-128
 409 017c 2E       		.byte	46
 410 017d 40       		.byte	64
 411 017e 30       		.byte	48
 412 017f FF       		.byte	-1
 413 0180 31       		.byte	49
 414 0181 1F       		.byte	31
 415 0182 39       		.byte	57
 416 0183 02       		.byte	2
 417 0184 3E       		.byte	62
 418 0185 01       		.byte	1
 419 0186 3F       		.byte	63
 420 0187 01       		.byte	1
 421 0188 56       		.byte	86
 422 0189 02       		.byte	2
 423 018a 57       		.byte	87
 424 018b 31       		.byte	49
 425 018c 58       		.byte	88
 426 018d 04       		.byte	4
 427 018e 59       		.byte	89
 428 018f 04       		.byte	4
 429 0190 5B       		.byte	91
 430 0191 0C       		.byte	12
 431 0192 5F       		.byte	95
 432 0193 01       		.byte	1
 433 0194 82       		.byte	-126
 434 0195 02       		.byte	2
 435 0196 90       		.byte	-112
 436 0197 04       		.byte	4
 437 0198 95       		.byte	-107
 438 0199 01       		.byte	1
 439 019a 96       		.byte	-106
 440 019b 01       		.byte	1
 441 019c 9B       		.byte	-101
 442 019d 03       		.byte	3
 443 019e A8       		.byte	-88
 444 019f 04       		.byte	4
 445 01a0 AC       		.byte	-84
 446 01a1 01       		.byte	1
 447 01a2 B1       		.byte	-79
 448 01a3 01       		.byte	1
 449 01a4 B2       		.byte	-78
 450 01a5 03       		.byte	3
 451 01a6 B5       		.byte	-75
 452 01a7 02       		.byte	2
 453 01a8 B6       		.byte	-74
 454 01a9 04       		.byte	4
 455 01aa B8       		.byte	-72
 456 01ab 80       		.byte	-128
ARM GAS  C:\Users\danaukes\AppData\Local\Temp\cct4FgtV.s 			page 9


 457 01ac BE       		.byte	-66
 458 01ad 40       		.byte	64
 459 01ae D2       		.byte	-46
 460 01af 03       		.byte	3
 461 01b0 D3       		.byte	-45
 462 01b1 02       		.byte	2
 463 01b2 D8       		.byte	-40
 464 01b3 04       		.byte	4
 465 01b4 D9       		.byte	-39
 466 01b5 0C       		.byte	12
 467 01b6 DB       		.byte	-37
 468 01b7 04       		.byte	4
 469 01b8 DC       		.byte	-36
 470 01b9 09       		.byte	9
 471 01ba DF       		.byte	-33
 472 01bb 01       		.byte	1
 473 01bc 00       		.byte	0
 474 01bd 18       		.byte	24
 475 01be 01       		.byte	1
 476 01bf 80       		.byte	-128
 477 01c0 02       		.byte	2
 478 01c1 44       		.byte	68
 479 01c2 03       		.byte	3
 480 01c3 90       		.byte	-112
 481 01c4 06       		.byte	6
 482 01c5 80       		.byte	-128
 483 01c6 08       		.byte	8
 484 01c7 10       		.byte	16
 485 01c8 09       		.byte	9
 486 01c9 88       		.byte	-120
 487 01ca 0A       		.byte	10
 488 01cb 84       		.byte	-124
 489 01cc 0B       		.byte	11
 490 01cd 40       		.byte	64
 491 01ce 0E       		.byte	14
 492 01cf 20       		.byte	32
 493 01d0 0F       		.byte	15
 494 01d1 80       		.byte	-128
 495 01d2 10       		.byte	16
 496 01d3 0A       		.byte	10
 497 01d4 11       		.byte	17
 498 01d5 05       		.byte	5
 499 01d6 15       		.byte	21
 500 01d7 10       		.byte	16
 501 01d8 17       		.byte	23
 502 01d9 40       		.byte	64
 503 01da 19       		.byte	25
 504 01db 01       		.byte	1
 505 01dc 1D       		.byte	29
 506 01dd 40       		.byte	64
 507 01de 1E       		.byte	30
 508 01df 20       		.byte	32
 509 01e0 21       		.byte	33
 510 01e1 01       		.byte	1
 511 01e2 22       		.byte	34
 512 01e3 02       		.byte	2
 513 01e4 24       		.byte	36
ARM GAS  C:\Users\danaukes\AppData\Local\Temp\cct4FgtV.s 			page 10


 514 01e5 40       		.byte	64
 515 01e6 27       		.byte	39
 516 01e7 48       		.byte	72
 517 01e8 29       		.byte	41
 518 01e9 01       		.byte	1
 519 01ea 2A       		.byte	42
 520 01eb 64       		.byte	100
 521 01ec 31       		.byte	49
 522 01ed 08       		.byte	8
 523 01ee 32       		.byte	50
 524 01ef 42       		.byte	66
 525 01f0 33       		.byte	51
 526 01f1 18       		.byte	24
 527 01f2 36       		.byte	54
 528 01f3 10       		.byte	16
 529 01f4 37       		.byte	55
 530 01f5 08       		.byte	8
 531 01f6 38       		.byte	56
 532 01f7 A0       		.byte	-96
 533 01f8 39       		.byte	57
 534 01f9 05       		.byte	5
 535 01fa 3A       		.byte	58
 536 01fb 01       		.byte	1
 537 01fc 5A       		.byte	90
 538 01fd 10       		.byte	16
 539 01fe 61       		.byte	97
 540 01ff 40       		.byte	64
 541 0200 68       		.byte	104
 542 0201 0A       		.byte	10
 543 0202 69       		.byte	105
 544 0203 05       		.byte	5
 545 0204 6D       		.byte	109
 546 0205 50       		.byte	80
 547 0206 6E       		.byte	110
 548 0207 10       		.byte	16
 549 0208 6F       		.byte	111
 550 0209 02       		.byte	2
 551 020a 70       		.byte	112
 552 020b 50       		.byte	80
 553 020c 71       		.byte	113
 554 020d 80       		.byte	-128
 555 020e 72       		.byte	114
 556 020f 04       		.byte	4
 557 0210 79       		.byte	121
 558 0211 40       		.byte	64
 559 0212 7F       		.byte	127
 560 0213 02       		.byte	2
 561 0214 90       		.byte	-112
 562 0215 10       		.byte	16
 563 0216 92       		.byte	-110
 564 0217 80       		.byte	-128
 565 0218 94       		.byte	-108
 566 0219 40       		.byte	64
 567 021a 95       		.byte	-107
 568 021b 02       		.byte	2
 569 021c 9D       		.byte	-99
 570 021d 80       		.byte	-128
ARM GAS  C:\Users\danaukes\AppData\Local\Temp\cct4FgtV.s 			page 11


 571 021e 9E       		.byte	-98
 572 021f 01       		.byte	1
 573 0220 A2       		.byte	-94
 574 0221 40       		.byte	64
 575 0222 A3       		.byte	-93
 576 0223 80       		.byte	-128
 577 0224 A4       		.byte	-92
 578 0225 0E       		.byte	14
 579 0226 A5       		.byte	-91
 580 0227 08       		.byte	8
 581 0228 A6       		.byte	-90
 582 0229 02       		.byte	2
 583 022a A7       		.byte	-89
 584 022b 0A       		.byte	10
 585 022c C0       		.byte	-64
 586 022d 1F       		.byte	31
 587 022e C2       		.byte	-62
 588 022f 3F       		.byte	63
 589 0230 C4       		.byte	-60
 590 0231 CF       		.byte	-49
 591 0232 CA       		.byte	-54
 592 0233 0F       		.byte	15
 593 0234 CC       		.byte	-52
 594 0235 6F       		.byte	111
 595 0236 CE       		.byte	-50
 596 0237 0F       		.byte	15
 597 0238 D6       		.byte	-42
 598 0239 04       		.byte	4
 599 023a D8       		.byte	-40
 600 023b 08       		.byte	8
 601 023c DE       		.byte	-34
 602 023d 18       		.byte	24
 603 023e 54       		.byte	84
 604 023f 01       		.byte	1
 605 0240 58       		.byte	88
 606 0241 04       		.byte	4
 607 0242 59       		.byte	89
 608 0243 04       		.byte	4
 609 0244 5B       		.byte	91
 610 0245 0C       		.byte	12
 611 0246 5F       		.byte	95
 612 0247 01       		.byte	1
 613 0248 97       		.byte	-105
 614 0249 01       		.byte	1
 615 024a A3       		.byte	-93
 616 024b 02       		.byte	2
 617 024c AE       		.byte	-82
 618 024d 01       		.byte	1
 619 024e B3       		.byte	-77
 620 024f 02       		.byte	2
 621 0250 B6       		.byte	-74
 622 0251 01       		.byte	1
 623 0252 B7       		.byte	-73
 624 0253 01       		.byte	1
 625 0254 D8       		.byte	-40
 626 0255 04       		.byte	4
 627 0256 D9       		.byte	-39
ARM GAS  C:\Users\danaukes\AppData\Local\Temp\cct4FgtV.s 			page 12


 628 0257 04       		.byte	4
 629 0258 DF       		.byte	-33
 630 0259 01       		.byte	1
 631 025a 00       		.byte	0
 632 025b 18       		.byte	24
 633 025c 02       		.byte	2
 634 025d 02       		.byte	2
 635 025e 04       		.byte	4
 636 025f 12       		.byte	18
 637 0260 05       		.byte	5
 638 0261 80       		.byte	-128
 639 0262 08       		.byte	8
 640 0263 01       		.byte	1
 641 0264 09       		.byte	9
 642 0265 88       		.byte	-120
 643 0266 0D       		.byte	13
 644 0267 89       		.byte	-119
 645 0268 10       		.byte	16
 646 0269 42       		.byte	66
 647 026a 15       		.byte	21
 648 026b 04       		.byte	4
 649 026c 18       		.byte	24
 650 026d 02       		.byte	2
 651 026e 1A       		.byte	26
 652 026f 01       		.byte	1
 653 0270 1B       		.byte	27
 654 0271 80       		.byte	-128
 655 0272 20       		.byte	32
 656 0273 10       		.byte	16
 657 0274 21       		.byte	33
 658 0275 80       		.byte	-128
 659 0276 22       		.byte	34
 660 0277 C0       		.byte	-64
 661 0278 28       		.byte	40
 662 0279 01       		.byte	1
 663 027a 29       		.byte	41
 664 027b 80       		.byte	-128
 665 027c 2A       		.byte	42
 666 027d 01       		.byte	1
 667 027e 2B       		.byte	43
 668 027f 08       		.byte	8
 669 0280 2C       		.byte	44
 670 0281 40       		.byte	64
 671 0282 2D       		.byte	45
 672 0283 84       		.byte	-124
 673 0284 2F       		.byte	47
 674 0285 C8       		.byte	-56
 675 0286 30       		.byte	48
 676 0287 08       		.byte	8
 677 0288 31       		.byte	49
 678 0289 80       		.byte	-128
 679 028a 36       		.byte	54
 680 028b 82       		.byte	-126
 681 028c 38       		.byte	56
 682 028d 10       		.byte	16
 683 028e 39       		.byte	57
 684 028f 06       		.byte	6
ARM GAS  C:\Users\danaukes\AppData\Local\Temp\cct4FgtV.s 			page 13


 685 0290 3B       		.byte	59
 686 0291 80       		.byte	-128
 687 0292 3C       		.byte	60
 688 0293 10       		.byte	16
 689 0294 5C       		.byte	92
 690 0295 40       		.byte	64
 691 0296 7F       		.byte	127
 692 0297 02       		.byte	2
 693 0298 80       		.byte	-128
 694 0299 40       		.byte	64
 695 029a 91       		.byte	-111
 696 029b 04       		.byte	4
 697 029c 94       		.byte	-108
 698 029d 12       		.byte	18
 699 029e 95       		.byte	-107
 700 029f 02       		.byte	2
 701 02a0 96       		.byte	-106
 702 02a1 01       		.byte	1
 703 02a2 9D       		.byte	-99
 704 02a3 80       		.byte	-128
 705 02a4 A2       		.byte	-94
 706 02a5 40       		.byte	64
 707 02a6 A4       		.byte	-92
 708 02a7 04       		.byte	4
 709 02a8 A5       		.byte	-91
 710 02a9 80       		.byte	-128
 711 02aa A7       		.byte	-89
 712 02ab 88       		.byte	-120
 713 02ac B2       		.byte	-78
 714 02ad 40       		.byte	64
 715 02ae C0       		.byte	-64
 716 02af D7       		.byte	-41
 717 02b0 C2       		.byte	-62
 718 02b1 BD       		.byte	-67
 719 02b2 C4       		.byte	-60
 720 02b3 29       		.byte	41
 721 02b4 CA       		.byte	-54
 722 02b5 FD       		.byte	-3
 723 02b6 CC       		.byte	-52
 724 02b7 9A       		.byte	-102
 725 02b8 CE       		.byte	-50
 726 02b9 2F       		.byte	47
 727 02ba D6       		.byte	-42
 728 02bb 10       		.byte	16
 729 02bc DE       		.byte	-34
 730 02bd 10       		.byte	16
 731 02be E2       		.byte	-30
 732 02bf 02       		.byte	2
 733 02c0 E8       		.byte	-24
 734 02c1 20       		.byte	32
 735 02c2 EE       		.byte	-18
 736 02c3 08       		.byte	8
 737 02c4 04       		.byte	4
 738 02c5 01       		.byte	1
 739 02c6 08       		.byte	8
 740 02c7 01       		.byte	1
 741 02c8 0E       		.byte	14
ARM GAS  C:\Users\danaukes\AppData\Local\Temp\cct4FgtV.s 			page 14


 742 02c9 01       		.byte	1
 743 02ca 1C       		.byte	28
 744 02cb 01       		.byte	1
 745 02cc 20       		.byte	32
 746 02cd 01       		.byte	1
 747 02ce 28       		.byte	40
 748 02cf 01       		.byte	1
 749 02d0 2C       		.byte	44
 750 02d1 01       		.byte	1
 751 02d2 34       		.byte	52
 752 02d3 01       		.byte	1
 753 02d4 58       		.byte	88
 754 02d5 04       		.byte	4
 755 02d6 59       		.byte	89
 756 02d7 04       		.byte	4
 757 02d8 5F       		.byte	95
 758 02d9 01       		.byte	1
 759 02da 83       		.byte	-125
 760 02db 01       		.byte	1
 761 02dc 85       		.byte	-123
 762 02dd 01       		.byte	1
 763 02de 89       		.byte	-119
 764 02df 01       		.byte	1
 765 02e0 9D       		.byte	-99
 766 02e1 01       		.byte	1
 767 02e2 A3       		.byte	-93
 768 02e3 01       		.byte	1
 769 02e4 A9       		.byte	-87
 770 02e5 01       		.byte	1
 771 02e6 AD       		.byte	-83
 772 02e7 01       		.byte	1
 773 02e8 B3       		.byte	-77
 774 02e9 01       		.byte	1
 775 02ea D8       		.byte	-40
 776 02eb 04       		.byte	4
 777 02ec D9       		.byte	-39
 778 02ed 04       		.byte	4
 779 02ee DF       		.byte	-33
 780 02ef 01       		.byte	1
 781 02f0 00       		.byte	0
 782 02f1 18       		.byte	24
 783 02f2 02       		.byte	2
 784 02f3 01       		.byte	1
 785 02f4 04       		.byte	4
 786 02f5 12       		.byte	18
 787 02f6 05       		.byte	5
 788 02f7 80       		.byte	-128
 789 02f8 0A       		.byte	10
 790 02f9 01       		.byte	1
 791 02fa 0C       		.byte	12
 792 02fb 40       		.byte	64
 793 02fc 0D       		.byte	13
 794 02fd 81       		.byte	-127
 795 02fe 0F       		.byte	15
 796 02ff 08       		.byte	8
 797 0300 10       		.byte	16
 798 0301 46       		.byte	70
ARM GAS  C:\Users\danaukes\AppData\Local\Temp\cct4FgtV.s 			page 15


 799 0302 15       		.byte	21
 800 0303 04       		.byte	4
 801 0304 19       		.byte	25
 802 0305 20       		.byte	32
 803 0306 26       		.byte	38
 804 0307 04       		.byte	4
 805 0308 28       		.byte	40
 806 0309 04       		.byte	4
 807 030a 29       		.byte	41
 808 030b 80       		.byte	-128
 809 030c 2B       		.byte	43
 810 030d 8C       		.byte	-116
 811 030e 2C       		.byte	44
 812 030f 02       		.byte	2
 813 0310 2D       		.byte	45
 814 0311 80       		.byte	-128
 815 0312 2E       		.byte	46
 816 0313 02       		.byte	2
 817 0314 2F       		.byte	47
 818 0315 08       		.byte	8
 819 0316 31       		.byte	49
 820 0317 80       		.byte	-128
 821 0318 34       		.byte	52
 822 0319 40       		.byte	64
 823 031a 38       		.byte	56
 824 031b 10       		.byte	16
 825 031c 39       		.byte	57
 826 031d 06       		.byte	6
 827 031e 3A       		.byte	58
 828 031f 03       		.byte	3
 829 0320 3C       		.byte	60
 830 0321 18       		.byte	24
 831 0322 3D       		.byte	61
 832 0323 04       		.byte	4
 833 0324 3E       		.byte	62
 834 0325 01       		.byte	1
 835 0326 81       		.byte	-127
 836 0327 20       		.byte	32
 837 0328 8E       		.byte	-114
 838 0329 04       		.byte	4
 839 032a C0       		.byte	-64
 840 032b D7       		.byte	-41
 841 032c C2       		.byte	-62
 842 032d D1       		.byte	-47
 843 032e C4       		.byte	-60
 844 032f 2B       		.byte	43
 845 0330 CA       		.byte	-54
 846 0331 BD       		.byte	-67
 847 0332 CC       		.byte	-52
 848 0333 18       		.byte	24
 849 0334 CE       		.byte	-50
 850 0335 E7       		.byte	-25
 851 0336 E4       		.byte	-28
 852 0337 01       		.byte	1
 853 0338 E8       		.byte	-24
 854 0339 10       		.byte	16
 855 033a EE       		.byte	-18
ARM GAS  C:\Users\danaukes\AppData\Local\Temp\cct4FgtV.s 			page 16


 856 033b 02       		.byte	2
 857 033c 02       		.byte	2
 858 033d 01       		.byte	1
 859 033e 0C       		.byte	12
 860 033f 01       		.byte	1
 861 0340 12       		.byte	18
 862 0341 01       		.byte	1
 863 0342 14       		.byte	20
 864 0343 01       		.byte	1
 865 0344 20       		.byte	32
 866 0345 01       		.byte	1
 867 0346 24       		.byte	36
 868 0347 01       		.byte	1
 869 0348 28       		.byte	40
 870 0349 01       		.byte	1
 871 034a 34       		.byte	52
 872 034b 01       		.byte	1
 873 034c 58       		.byte	88
 874 034d 04       		.byte	4
 875 034e 59       		.byte	89
 876 034f 04       		.byte	4
 877 0350 5F       		.byte	95
 878 0351 01       		.byte	1
 879 0352 D8       		.byte	-40
 880 0353 04       		.byte	4
 881 0354 D9       		.byte	-39
 882 0355 04       		.byte	4
 883 0356 DF       		.byte	-33
 884 0357 01       		.byte	1
 885 0358 01       		.byte	1
 886 0359 80       		.byte	-128
 887 035a 02       		.byte	2
 888 035b 44       		.byte	68
 889 035c 03       		.byte	3
 890 035d 80       		.byte	-128
 891 035e 05       		.byte	5
 892 035f 80       		.byte	-128
 893 0360 07       		.byte	7
 894 0361 80       		.byte	-128
 895 0362 08       		.byte	8
 896 0363 40       		.byte	64
 897 0364 0A       		.byte	10
 898 0365 20       		.byte	32
 899 0366 0D       		.byte	13
 900 0367 08       		.byte	8
 901 0368 0F       		.byte	15
 902 0369 40       		.byte	64
 903 036a 10       		.byte	16
 904 036b 08       		.byte	8
 905 036c 12       		.byte	18
 906 036d 02       		.byte	2
 907 036e 13       		.byte	19
 908 036f 40       		.byte	64
 909 0370 14       		.byte	20
 910 0371 10       		.byte	16
 911 0372 16       		.byte	22
 912 0373 4C       		.byte	76
ARM GAS  C:\Users\danaukes\AppData\Local\Temp\cct4FgtV.s 			page 17


 913 0374 1E       		.byte	30
 914 0375 04       		.byte	4
 915 0376 28       		.byte	40
 916 0377 40       		.byte	64
 917 0378 29       		.byte	41
 918 0379 80       		.byte	-128
 919 037a 2C       		.byte	44
 920 037b 08       		.byte	8
 921 037c 2D       		.byte	45
 922 037d 80       		.byte	-128
 923 037e 2E       		.byte	46
 924 037f 08       		.byte	8
 925 0380 2F       		.byte	47
 926 0381 80       		.byte	-128
 927 0382 30       		.byte	48
 928 0383 18       		.byte	24
 929 0384 31       		.byte	49
 930 0385 08       		.byte	8
 931 0386 32       		.byte	50
 932 0387 12       		.byte	18
 933 0388 33       		.byte	51
 934 0389 80       		.byte	-128
 935 038a 34       		.byte	52
 936 038b 50       		.byte	80
 937 038c 36       		.byte	54
 938 038d 02       		.byte	2
 939 038e 37       		.byte	55
 940 038f 80       		.byte	-128
 941 0390 3A       		.byte	58
 942 0391 04       		.byte	4
 943 0392 92       		.byte	-110
 944 0393 20       		.byte	32
 945 0394 99       		.byte	-103
 946 0395 80       		.byte	-128
 947 0396 9A       		.byte	-102
 948 0397 04       		.byte	4
 949 0398 9B       		.byte	-101
 950 0399 80       		.byte	-128
 951 039a A1       		.byte	-95
 952 039b 08       		.byte	8
 953 039c A2       		.byte	-94
 954 039d 02       		.byte	2
 955 039e A3       		.byte	-93
 956 039f 80       		.byte	-128
 957 03a0 C0       		.byte	-64
 958 03a1 9B       		.byte	-101
 959 03a2 C2       		.byte	-62
 960 03a3 35       		.byte	53
 961 03a4 C4       		.byte	-60
 962 03a5 73       		.byte	115
 963 03a6 CA       		.byte	-54
 964 03a7 F9       		.byte	-7
 965 03a8 CC       		.byte	-52
 966 03a9 BF       		.byte	-65
 967 03aa CE       		.byte	-50
 968 03ab 02       		.byte	2
 969 03ac EE       		.byte	-18
ARM GAS  C:\Users\danaukes\AppData\Local\Temp\cct4FgtV.s 			page 18


 970 03ad 02       		.byte	2
 971 03ae 58       		.byte	88
 972 03af 04       		.byte	4
 973 03b0 59       		.byte	89
 974 03b1 04       		.byte	4
 975 03b2 5F       		.byte	95
 976 03b3 01       		.byte	1
 977 03b4 D8       		.byte	-40
 978 03b5 04       		.byte	4
 979 03b6 D9       		.byte	-39
 980 03b7 04       		.byte	4
 981 03b8 DF       		.byte	-33
 982 03b9 01       		.byte	1
 983 03ba 01       		.byte	1
 984 03bb 80       		.byte	-128
 985 03bc 02       		.byte	2
 986 03bd 04       		.byte	4
 987 03be 03       		.byte	3
 988 03bf 80       		.byte	-128
 989 03c0 05       		.byte	5
 990 03c1 80       		.byte	-128
 991 03c2 06       		.byte	6
 992 03c3 0C       		.byte	12
 993 03c4 07       		.byte	7
 994 03c5 50       		.byte	80
 995 03c6 08       		.byte	8
 996 03c7 40       		.byte	64
 997 03c8 0A       		.byte	10
 998 03c9 20       		.byte	32
 999 03ca 0C       		.byte	12
 1000 03cb 08       		.byte	8
 1001 03cc 0D       		.byte	13
 1002 03cd 08       		.byte	8
 1003 03ce 0F       		.byte	15
 1004 03cf 40       		.byte	64
 1005 03d0 10       		.byte	16
 1006 03d1 08       		.byte	8
 1007 03d2 12       		.byte	18
 1008 03d3 02       		.byte	2
 1009 03d4 13       		.byte	19
 1010 03d5 40       		.byte	64
 1011 03d6 17       		.byte	23
 1012 03d7 80       		.byte	-128
 1013 03d8 28       		.byte	40
 1014 03d9 40       		.byte	64
 1015 03da 29       		.byte	41
 1016 03db 80       		.byte	-128
 1017 03dc 2C       		.byte	44
 1018 03dd 08       		.byte	8
 1019 03de 2D       		.byte	45
 1020 03df 80       		.byte	-128
 1021 03e0 2E       		.byte	46
 1022 03e1 08       		.byte	8
 1023 03e2 2F       		.byte	47
 1024 03e3 80       		.byte	-128
 1025 03e4 31       		.byte	49
 1026 03e5 08       		.byte	8
ARM GAS  C:\Users\danaukes\AppData\Local\Temp\cct4FgtV.s 			page 19


 1027 03e6 32       		.byte	50
 1028 03e7 12       		.byte	18
 1029 03e8 33       		.byte	51
 1030 03e9 D0       		.byte	-48
 1031 03ea 34       		.byte	52
 1032 03eb 40       		.byte	64
 1033 03ec 36       		.byte	54
 1034 03ed 02       		.byte	2
 1035 03ee 37       		.byte	55
 1036 03ef 90       		.byte	-112
 1037 03f0 3A       		.byte	58
 1038 03f1 04       		.byte	4
 1039 03f2 92       		.byte	-110
 1040 03f3 20       		.byte	32
 1041 03f4 99       		.byte	-103
 1042 03f5 80       		.byte	-128
 1043 03f6 9A       		.byte	-102
 1044 03f7 04       		.byte	4
 1045 03f8 9B       		.byte	-101
 1046 03f9 80       		.byte	-128
 1047 03fa A1       		.byte	-95
 1048 03fb 08       		.byte	8
 1049 03fc A2       		.byte	-94
 1050 03fd 02       		.byte	2
 1051 03fe A3       		.byte	-93
 1052 03ff 80       		.byte	-128
 1053 0400 B2       		.byte	-78
 1054 0401 04       		.byte	4
 1055 0402 C0       		.byte	-64
 1056 0403 FB       		.byte	-5
 1057 0404 C2       		.byte	-62
 1058 0405 35       		.byte	53
 1059 0406 C4       		.byte	-60
 1060 0407 83       		.byte	-125
 1061 0408 CA       		.byte	-54
 1062 0409 F9       		.byte	-7
 1063 040a CC       		.byte	-52
 1064 040b BF       		.byte	-65
 1065 040c CE       		.byte	-50
 1066 040d 02       		.byte	2
 1067 040e E8       		.byte	-24
 1068 040f 10       		.byte	16
 1069 0410 13       		.byte	19
 1070 0411 02       		.byte	2
 1071 0412 16       		.byte	22
 1072 0413 80       		.byte	-128
 1073 0414 31       		.byte	49
 1074 0415 10       		.byte	16
 1075 0416 32       		.byte	50
 1076 0417 02       		.byte	2
 1077 0418 34       		.byte	52
 1078 0419 08       		.byte	8
 1079 041a 36       		.byte	54
 1080 041b 40       		.byte	64
 1081 041c 3B       		.byte	59
 1082 041d 02       		.byte	2
 1083 041e 3E       		.byte	62
ARM GAS  C:\Users\danaukes\AppData\Local\Temp\cct4FgtV.s 			page 20


 1084 041f 80       		.byte	-128
 1085 0420 C4       		.byte	-60
 1086 0421 30       		.byte	48
 1087 0422 CC       		.byte	-52
 1088 0423 F0       		.byte	-16
 1089 0424 CE       		.byte	-50
 1090 0425 60       		.byte	96
 1091 0426 81       		.byte	-127
 1092 0427 10       		.byte	16
 1093 0428 86       		.byte	-122
 1094 0429 02       		.byte	2
 1095 042a 97       		.byte	-105
 1096 042b 02       		.byte	2
 1097 042c 9D       		.byte	-99
 1098 042d 10       		.byte	16
 1099 042e A6       		.byte	-90
 1100 042f 42       		.byte	66
 1101 0430 AC       		.byte	-84
 1102 0431 08       		.byte	8
 1103 0432 B3       		.byte	-77
 1104 0433 02       		.byte	2
 1105 0434 E2       		.byte	-30
 1106 0435 40       		.byte	64
 1107 0436 E6       		.byte	-26
 1108 0437 20       		.byte	32
 1109 0438 EE       		.byte	-18
 1110 0439 10       		.byte	16
 1111 043a 5B       		.byte	91
 1112 043b 02       		.byte	2
 1113 043c 97       		.byte	-105
 1114 043d 02       		.byte	2
 1115 043e 9B       		.byte	-101
 1116 043f 02       		.byte	2
 1117 0440 A6       		.byte	-90
 1118 0441 40       		.byte	64
 1119 0442 AB       		.byte	-85
 1120 0443 02       		.byte	2
 1121 0444 D6       		.byte	-42
 1122 0445 40       		.byte	64
 1123 0446 EE       		.byte	-18
 1124 0447 80       		.byte	-128
 1125 0448 A6       		.byte	-90
 1126 0449 40       		.byte	64
 1127 044a AB       		.byte	-85
 1128 044b 01       		.byte	1
 1129 044c EE       		.byte	-18
 1130 044d 20       		.byte	32
 1131 044e 83       		.byte	-125
 1132 044f 08       		.byte	8
 1133 0450 8C       		.byte	-116
 1134 0451 20       		.byte	32
 1135 0452 E0       		.byte	-32
 1136 0453 02       		.byte	2
 1137 0454 50       		.byte	80
 1138 0455 20       		.byte	32
 1139 0456 57       		.byte	87
 1140 0457 08       		.byte	8
ARM GAS  C:\Users\danaukes\AppData\Local\Temp\cct4FgtV.s 			page 21


 1141 0458 58       		.byte	88
 1142 0459 20       		.byte	32
 1143 045a 84       		.byte	-124
 1144 045b 08       		.byte	8
 1145 045c 97       		.byte	-105
 1146 045d 08       		.byte	8
 1147 045e 98       		.byte	-104
 1148 045f 20       		.byte	32
 1149 0460 A3       		.byte	-93
 1150 0461 08       		.byte	8
 1151 0462 AF       		.byte	-81
 1152 0463 04       		.byte	4
 1153 0464 D4       		.byte	-44
 1154 0465 07       		.byte	7
 1155 0466 1B       		.byte	27
 1156 0467 04       		.byte	4
 1157 0468 27       		.byte	39
 1158 0469 10       		.byte	16
 1159 046a 97       		.byte	-105
 1160 046b 08       		.byte	8
 1161 046c A4       		.byte	-92
 1162 046d 28       		.byte	40
 1163 046e C6       		.byte	-58
 1164 046f 08       		.byte	8
 1165 0470 C8       		.byte	-56
 1166 0471 01       		.byte	1
 1167 0472 0B       		.byte	11
 1168 0473 48       		.byte	72
 1169 0474 0C       		.byte	12
 1170 0475 08       		.byte	8
 1171 0476 44       		.byte	68
 1172 0477 02       		.byte	2
 1173 0478 97       		.byte	-105
 1174 0479 08       		.byte	8
 1175 047a A4       		.byte	-92
 1176 047b 28       		.byte	40
 1177 047c AB       		.byte	-85
 1178 047d 04       		.byte	4
 1179 047e B7       		.byte	-73
 1180 047f 10       		.byte	16
 1181 0480 C2       		.byte	-62
 1182 0481 0E       		.byte	14
 1183 0482 D0       		.byte	-48
 1184 0483 04       		.byte	4
 1185 0484 EE       		.byte	-18
 1186 0485 02       		.byte	2
 1187 0486 24       		.byte	36
 1188 0487 08       		.byte	8
 1189 0488 AE       		.byte	-82
 1190 0489 40       		.byte	64
 1191 048a C8       		.byte	-56
 1192 048b 20       		.byte	32
 1193 048c EE       		.byte	-18
 1194 048d 40       		.byte	64
 1195 048e B4       		.byte	-76
 1196 048f 04       		.byte	4
 1197 0490 9C       		.byte	-100
ARM GAS  C:\Users\danaukes\AppData\Local\Temp\cct4FgtV.s 			page 22


 1198 0491 02       		.byte	2
 1199 0492 A4       		.byte	-92
 1200 0493 20       		.byte	32
 1201 0494 AF       		.byte	-81
 1202 0495 40       		.byte	64
 1203 0496 B0       		.byte	-80
 1204 0497 20       		.byte	32
 1205 0498 B4       		.byte	-76
 1206 0499 02       		.byte	2
 1207 049a E8       		.byte	-24
 1208 049b 08       		.byte	8
 1209 049c EC       		.byte	-20
 1210 049d 04       		.byte	4
 1211 049e 00       		.byte	0
 1212 049f 01       		.byte	1
 1213 04a0 01       		.byte	1
 1214 04a1 01       		.byte	1
 1215 04a2 0C       		.byte	12
 1216 04a3 01       		.byte	1
 1217 04a4 0D       		.byte	13
 1218 04a5 01       		.byte	1
 1219 04a6 0E       		.byte	14
 1220 04a7 01       		.byte	1
 1221 04a8 10       		.byte	16
 1222 04a9 01       		.byte	1
 1223 04aa 1C       		.byte	28
 1224 04ab 01       		.byte	1
 1225 04ac 00       		.byte	0
 1226 04ad AB       		.byte	-85
 1227 04ae 10       		.byte	16
 1228 04af 0A       		.byte	10
 1229 04b0 00       		.byte	0
 1230 04b1 00       		.byte	0
 1231 04b2 00       		.byte	0
 1232 04b3 00       		.byte	0
 1233 04b4 00       		.byte	0
 1234 04b5 00       		.byte	0
 1235 04b6 01       		.byte	1
 1236 04b7 00       		.byte	0
 1237 04b8 40       		.byte	64
 1238 04b9 00       		.byte	0
 1239 04ba 00       		.byte	0
 1240 04bb 00       		.byte	0
 1241 04bc 00       		.byte	0
 1242 04bd 00       		.byte	0
 1243 04be 00       		.byte	0
 1244 04bf 00       		.byte	0
 1245 04c0 C0       		.byte	-64
 1246 04c1 00       		.byte	0
 1247 04c2 00       		.byte	0
 1248 04c3 00       		.byte	0
 1249 04c4 00       		.byte	0
 1250 04c5 0B       		.byte	11
 1251 04c6 0B       		.byte	11
 1252 04c7 00       		.byte	0
 1253 04c8 00       		.byte	0
 1254 04c9 00       		.byte	0
ARM GAS  C:\Users\danaukes\AppData\Local\Temp\cct4FgtV.s 			page 23


 1255 04ca 00       		.byte	0
 1256 04cb 00       		.byte	0
 1257 04cc 00       		.byte	0
 1258 04cd 00       		.byte	0
 1259 04ce 00       		.byte	0
 1260 04cf 00       		.byte	0
 1261 04d0 00       		.byte	0
 1262 04d1 07       		.byte	7
 1263 04d2 07       		.byte	7
 1264 04d3 00       		.byte	0
 1265 04d4 00       		.byte	0
 1266 04d5 01       		.byte	1
 1267 04d6 00       		.byte	0
 1268 04d7 00       		.byte	0
 1269              		.section	.cywolatch,"a",%progbits
 1270              		.align	2
 1271              		.type	cy_meta_wonvl, %object
 1272              		.size	cy_meta_wonvl, 4
 1273              	cy_meta_wonvl:
 1274 0000 BC       		.byte	-68
 1275 0001 90       		.byte	-112
 1276 0002 AC       		.byte	-84
 1277 0003 AF       		.byte	-81
 1278              		.section	.cycustnvl,"a",%progbits
 1279              		.align	2
 1280              		.type	cy_meta_custnvl, %object
 1281              		.size	cy_meta_custnvl, 4
 1282              	cy_meta_custnvl:
 1283 0000 00       		.byte	0
 1284 0001 00       		.byte	0
 1285 0002 40       		.byte	64
 1286 0003 05       		.byte	5
 1287              		.section	.cymeta,"a",%progbits
 1288              		.align	2
 1289              		.type	cy_metadata, %object
 1290              		.size	cy_metadata, 12
 1291              	cy_metadata:
 1292 0000 00       		.byte	0
 1293 0001 01       		.byte	1
 1294 0002 2E       		.byte	46
 1295 0003 16       		.byte	22
 1296 0004 10       		.byte	16
 1297 0005 69       		.byte	105
 1298 0006 00       		.byte	0
 1299 0007 01       		.byte	1
 1300 0008 00       		.byte	0
 1301 0009 00       		.byte	0
 1302 000a 00       		.byte	0
 1303 000b 00       		.byte	0
 1304              		.section	.cyflashprotect,"a",%progbits
 1305              		.align	2
 1306              		.type	cy_meta_flashprotect, %object
 1307              		.size	cy_meta_flashprotect, 256
 1308              	cy_meta_flashprotect:
 1309 0000 00000000 		.space	256
 1309      00000000 
 1309      00000000 
ARM GAS  C:\Users\danaukes\AppData\Local\Temp\cct4FgtV.s 			page 24


 1309      00000000 
 1309      00000000 
 1310              		.text
 1311              	.Letext0:
 1312              		.file 1 "c:\\program files (x86)\\cypress\\psoc creator\\4.3\\psoc creator\\import\\gnu\\arm\\5.4.
 1313              		.file 2 "c:\\program files (x86)\\cypress\\psoc creator\\4.3\\psoc creator\\import\\gnu\\arm\\5.4.
 1314              		.file 3 "Generated_Source\\PSoC5\\cymetadata.c"
 1315              		.section	.debug_info,"",%progbits
 1316              	.Ldebug_info0:
 1317 0000 32010000 		.4byte	0x132
 1318 0004 0400     		.2byte	0x4
 1319 0006 00000000 		.4byte	.Ldebug_abbrev0
 1320 000a 04       		.byte	0x4
 1321 000b 01       		.uleb128 0x1
 1322 000c 24000000 		.4byte	.LASF17
 1323 0010 0C       		.byte	0xc
 1324 0011 CC010000 		.4byte	.LASF18
 1325 0015 3A010000 		.4byte	.LASF19
 1326 0019 00000000 		.4byte	.Ldebug_line0
 1327 001d 02       		.uleb128 0x2
 1328 001e 01       		.byte	0x1
 1329 001f 06       		.byte	0x6
 1330 0020 C0010000 		.4byte	.LASF0
 1331 0024 03       		.uleb128 0x3
 1332 0025 00000000 		.4byte	.LASF9
 1333 0029 01       		.byte	0x1
 1334 002a 1D       		.byte	0x1d
 1335 002b 2F000000 		.4byte	0x2f
 1336 002f 02       		.uleb128 0x2
 1337 0030 01       		.byte	0x1
 1338 0031 08       		.byte	0x8
 1339 0032 16000000 		.4byte	.LASF1
 1340 0036 02       		.uleb128 0x2
 1341 0037 02       		.byte	0x2
 1342 0038 05       		.byte	0x5
 1343 0039 AD010000 		.4byte	.LASF2
 1344 003d 02       		.uleb128 0x2
 1345 003e 02       		.byte	0x2
 1346 003f 07       		.byte	0x7
 1347 0040 C4000000 		.4byte	.LASF3
 1348 0044 02       		.uleb128 0x2
 1349 0045 04       		.byte	0x4
 1350 0046 05       		.byte	0x5
 1351 0047 B7010000 		.4byte	.LASF4
 1352 004b 02       		.uleb128 0x2
 1353 004c 04       		.byte	0x4
 1354 004d 07       		.byte	0x7
 1355 004e B2000000 		.4byte	.LASF5
 1356 0052 02       		.uleb128 0x2
 1357 0053 08       		.byte	0x8
 1358 0054 05       		.byte	0x5
 1359 0055 91010000 		.4byte	.LASF6
 1360 0059 02       		.uleb128 0x2
 1361 005a 08       		.byte	0x8
 1362 005b 07       		.byte	0x7
 1363 005c 06010000 		.4byte	.LASF7
 1364 0060 04       		.uleb128 0x4
ARM GAS  C:\Users\danaukes\AppData\Local\Temp\cct4FgtV.s 			page 25


 1365 0061 04       		.byte	0x4
 1366 0062 05       		.byte	0x5
 1367 0063 696E7400 		.ascii	"int\000"
 1368 0067 02       		.uleb128 0x2
 1369 0068 04       		.byte	0x4
 1370 0069 07       		.byte	0x7
 1371 006a F9000000 		.4byte	.LASF8
 1372 006e 03       		.uleb128 0x3
 1373 006f 1D010000 		.4byte	.LASF10
 1374 0073 02       		.byte	0x2
 1375 0074 18       		.byte	0x18
 1376 0075 24000000 		.4byte	0x24
 1377 0079 05       		.uleb128 0x5
 1378 007a 91000000 		.4byte	0x91
 1379 007e 8A000000 		.4byte	0x8a
 1380 0082 06       		.uleb128 0x6
 1381 0083 8A000000 		.4byte	0x8a
 1382 0087 D704     		.2byte	0x4d7
 1383 0089 00       		.byte	0
 1384 008a 02       		.uleb128 0x2
 1385 008b 04       		.byte	0x4
 1386 008c 07       		.byte	0x7
 1387 008d 88010000 		.4byte	.LASF11
 1388 0091 07       		.uleb128 0x7
 1389 0092 6E000000 		.4byte	0x6e
 1390 0096 08       		.uleb128 0x8
 1391 0097 E7000000 		.4byte	.LASF12
 1392 009b 03       		.byte	0x3
 1393 009c 1F       		.byte	0x1f
 1394 009d A7000000 		.4byte	0xa7
 1395 00a1 05       		.uleb128 0x5
 1396 00a2 03       		.byte	0x3
 1397 00a3 00000000 		.4byte	cy_meta_configecc
 1398 00a7 07       		.uleb128 0x7
 1399 00a8 79000000 		.4byte	0x79
 1400 00ac 05       		.uleb128 0x5
 1401 00ad 91000000 		.4byte	0x91
 1402 00b1 BC000000 		.4byte	0xbc
 1403 00b5 09       		.uleb128 0x9
 1404 00b6 8A000000 		.4byte	0x8a
 1405 00ba 03       		.byte	0x3
 1406 00bb 00       		.byte	0
 1407 00bc 08       		.uleb128 0x8
 1408 00bd D7000000 		.4byte	.LASF13
 1409 00c1 03       		.byte	0x3
 1410 00c2 C7       		.byte	0xc7
 1411 00c3 CD000000 		.4byte	0xcd
 1412 00c7 05       		.uleb128 0x5
 1413 00c8 03       		.byte	0x3
 1414 00c9 00000000 		.4byte	cy_meta_custnvl
 1415 00cd 07       		.uleb128 0x7
 1416 00ce AC000000 		.4byte	0xac
 1417 00d2 08       		.uleb128 0x8
 1418 00d3 9F010000 		.4byte	.LASF14
 1419 00d7 03       		.byte	0x3
 1420 00d8 D5       		.byte	0xd5
 1421 00d9 E3000000 		.4byte	0xe3
ARM GAS  C:\Users\danaukes\AppData\Local\Temp\cct4FgtV.s 			page 26


 1422 00dd 05       		.uleb128 0x5
 1423 00de 03       		.byte	0x3
 1424 00df 00000000 		.4byte	cy_meta_wonvl
 1425 00e3 07       		.uleb128 0x7
 1426 00e4 AC000000 		.4byte	0xac
 1427 00e8 05       		.uleb128 0x5
 1428 00e9 91000000 		.4byte	0x91
 1429 00ed F8000000 		.4byte	0xf8
 1430 00f1 09       		.uleb128 0x9
 1431 00f2 8A000000 		.4byte	0x8a
 1432 00f6 FF       		.byte	0xff
 1433 00f7 00       		.byte	0
 1434 00f8 08       		.uleb128 0x8
 1435 00f9 25010000 		.4byte	.LASF15
 1436 00fd 03       		.byte	0x3
 1437 00fe E3       		.byte	0xe3
 1438 00ff 09010000 		.4byte	0x109
 1439 0103 05       		.uleb128 0x5
 1440 0104 03       		.byte	0x3
 1441 0105 00000000 		.4byte	cy_meta_flashprotect
 1442 0109 07       		.uleb128 0x7
 1443 010a E8000000 		.4byte	0xe8
 1444 010e 05       		.uleb128 0x5
 1445 010f 91000000 		.4byte	0x91
 1446 0113 1E010000 		.4byte	0x11e
 1447 0117 09       		.uleb128 0x9
 1448 0118 8A000000 		.4byte	0x8a
 1449 011c 0B       		.byte	0xb
 1450 011d 00       		.byte	0
 1451 011e 0A       		.uleb128 0xa
 1452 011f 0A000000 		.4byte	.LASF16
 1453 0123 03       		.byte	0x3
 1454 0124 1001     		.2byte	0x110
 1455 0126 30010000 		.4byte	0x130
 1456 012a 05       		.uleb128 0x5
 1457 012b 03       		.byte	0x3
 1458 012c 00000000 		.4byte	cy_metadata
 1459 0130 07       		.uleb128 0x7
 1460 0131 0E010000 		.4byte	0x10e
 1461 0135 00       		.byte	0
 1462              		.section	.debug_abbrev,"",%progbits
 1463              	.Ldebug_abbrev0:
 1464 0000 01       		.uleb128 0x1
 1465 0001 11       		.uleb128 0x11
 1466 0002 01       		.byte	0x1
 1467 0003 25       		.uleb128 0x25
 1468 0004 0E       		.uleb128 0xe
 1469 0005 13       		.uleb128 0x13
 1470 0006 0B       		.uleb128 0xb
 1471 0007 03       		.uleb128 0x3
 1472 0008 0E       		.uleb128 0xe
 1473 0009 1B       		.uleb128 0x1b
 1474 000a 0E       		.uleb128 0xe
 1475 000b 10       		.uleb128 0x10
 1476 000c 17       		.uleb128 0x17
 1477 000d 00       		.byte	0
 1478 000e 00       		.byte	0
ARM GAS  C:\Users\danaukes\AppData\Local\Temp\cct4FgtV.s 			page 27


 1479 000f 02       		.uleb128 0x2
 1480 0010 24       		.uleb128 0x24
 1481 0011 00       		.byte	0
 1482 0012 0B       		.uleb128 0xb
 1483 0013 0B       		.uleb128 0xb
 1484 0014 3E       		.uleb128 0x3e
 1485 0015 0B       		.uleb128 0xb
 1486 0016 03       		.uleb128 0x3
 1487 0017 0E       		.uleb128 0xe
 1488 0018 00       		.byte	0
 1489 0019 00       		.byte	0
 1490 001a 03       		.uleb128 0x3
 1491 001b 16       		.uleb128 0x16
 1492 001c 00       		.byte	0
 1493 001d 03       		.uleb128 0x3
 1494 001e 0E       		.uleb128 0xe
 1495 001f 3A       		.uleb128 0x3a
 1496 0020 0B       		.uleb128 0xb
 1497 0021 3B       		.uleb128 0x3b
 1498 0022 0B       		.uleb128 0xb
 1499 0023 49       		.uleb128 0x49
 1500 0024 13       		.uleb128 0x13
 1501 0025 00       		.byte	0
 1502 0026 00       		.byte	0
 1503 0027 04       		.uleb128 0x4
 1504 0028 24       		.uleb128 0x24
 1505 0029 00       		.byte	0
 1506 002a 0B       		.uleb128 0xb
 1507 002b 0B       		.uleb128 0xb
 1508 002c 3E       		.uleb128 0x3e
 1509 002d 0B       		.uleb128 0xb
 1510 002e 03       		.uleb128 0x3
 1511 002f 08       		.uleb128 0x8
 1512 0030 00       		.byte	0
 1513 0031 00       		.byte	0
 1514 0032 05       		.uleb128 0x5
 1515 0033 01       		.uleb128 0x1
 1516 0034 01       		.byte	0x1
 1517 0035 49       		.uleb128 0x49
 1518 0036 13       		.uleb128 0x13
 1519 0037 01       		.uleb128 0x1
 1520 0038 13       		.uleb128 0x13
 1521 0039 00       		.byte	0
 1522 003a 00       		.byte	0
 1523 003b 06       		.uleb128 0x6
 1524 003c 21       		.uleb128 0x21
 1525 003d 00       		.byte	0
 1526 003e 49       		.uleb128 0x49
 1527 003f 13       		.uleb128 0x13
 1528 0040 2F       		.uleb128 0x2f
 1529 0041 05       		.uleb128 0x5
 1530 0042 00       		.byte	0
 1531 0043 00       		.byte	0
 1532 0044 07       		.uleb128 0x7
 1533 0045 26       		.uleb128 0x26
 1534 0046 00       		.byte	0
 1535 0047 49       		.uleb128 0x49
ARM GAS  C:\Users\danaukes\AppData\Local\Temp\cct4FgtV.s 			page 28


 1536 0048 13       		.uleb128 0x13
 1537 0049 00       		.byte	0
 1538 004a 00       		.byte	0
 1539 004b 08       		.uleb128 0x8
 1540 004c 34       		.uleb128 0x34
 1541 004d 00       		.byte	0
 1542 004e 03       		.uleb128 0x3
 1543 004f 0E       		.uleb128 0xe
 1544 0050 3A       		.uleb128 0x3a
 1545 0051 0B       		.uleb128 0xb
 1546 0052 3B       		.uleb128 0x3b
 1547 0053 0B       		.uleb128 0xb
 1548 0054 49       		.uleb128 0x49
 1549 0055 13       		.uleb128 0x13
 1550 0056 3F       		.uleb128 0x3f
 1551 0057 19       		.uleb128 0x19
 1552 0058 02       		.uleb128 0x2
 1553 0059 18       		.uleb128 0x18
 1554 005a 00       		.byte	0
 1555 005b 00       		.byte	0
 1556 005c 09       		.uleb128 0x9
 1557 005d 21       		.uleb128 0x21
 1558 005e 00       		.byte	0
 1559 005f 49       		.uleb128 0x49
 1560 0060 13       		.uleb128 0x13
 1561 0061 2F       		.uleb128 0x2f
 1562 0062 0B       		.uleb128 0xb
 1563 0063 00       		.byte	0
 1564 0064 00       		.byte	0
 1565 0065 0A       		.uleb128 0xa
 1566 0066 34       		.uleb128 0x34
 1567 0067 00       		.byte	0
 1568 0068 03       		.uleb128 0x3
 1569 0069 0E       		.uleb128 0xe
 1570 006a 3A       		.uleb128 0x3a
 1571 006b 0B       		.uleb128 0xb
 1572 006c 3B       		.uleb128 0x3b
 1573 006d 05       		.uleb128 0x5
 1574 006e 49       		.uleb128 0x49
 1575 006f 13       		.uleb128 0x13
 1576 0070 3F       		.uleb128 0x3f
 1577 0071 19       		.uleb128 0x19
 1578 0072 02       		.uleb128 0x2
 1579 0073 18       		.uleb128 0x18
 1580 0074 00       		.byte	0
 1581 0075 00       		.byte	0
 1582 0076 00       		.byte	0
 1583              		.section	.debug_aranges,"",%progbits
 1584 0000 14000000 		.4byte	0x14
 1585 0004 0200     		.2byte	0x2
 1586 0006 00000000 		.4byte	.Ldebug_info0
 1587 000a 04       		.byte	0x4
 1588 000b 00       		.byte	0
 1589 000c 0000     		.2byte	0
 1590 000e 0000     		.2byte	0
 1591 0010 00000000 		.4byte	0
 1592 0014 00000000 		.4byte	0
ARM GAS  C:\Users\danaukes\AppData\Local\Temp\cct4FgtV.s 			page 29


 1593              		.section	.debug_line,"",%progbits
 1594              	.Ldebug_line0:
 1595 0000 3D010000 		.section	.debug_str,"MS",%progbits,1
 1595      02003701 
 1595      00000201 
 1595      FB0E0D00 
 1595      01010101 
 1596              	.LASF9:
 1597 0000 5F5F7569 		.ascii	"__uint8_t\000"
 1597      6E74385F 
 1597      7400
 1598              	.LASF16:
 1599 000a 63795F6D 		.ascii	"cy_metadata\000"
 1599      65746164 
 1599      61746100 
 1600              	.LASF1:
 1601 0016 756E7369 		.ascii	"unsigned char\000"
 1601      676E6564 
 1601      20636861 
 1601      7200
 1602              	.LASF17:
 1603 0024 474E5520 		.ascii	"GNU C11 5.4.1 20160609 (release) [ARM/embedded-5-br"
 1603      43313120 
 1603      352E342E 
 1603      31203230 
 1603      31363036 
 1604 0057 616E6368 		.ascii	"anch revision 237715] -mcpu=cortex-m3 -mthumb -g -O"
 1604      20726576 
 1604      6973696F 
 1604      6E203233 
 1604      37373135 
 1605 008a 67202D66 		.ascii	"g -ffunction-sections -ffat-lto-objects\000"
 1605      66756E63 
 1605      74696F6E 
 1605      2D736563 
 1605      74696F6E 
 1606              	.LASF5:
 1607 00b2 6C6F6E67 		.ascii	"long unsigned int\000"
 1607      20756E73 
 1607      69676E65 
 1607      6420696E 
 1607      7400
 1608              	.LASF3:
 1609 00c4 73686F72 		.ascii	"short unsigned int\000"
 1609      7420756E 
 1609      7369676E 
 1609      65642069 
 1609      6E7400
 1610              	.LASF13:
 1611 00d7 63795F6D 		.ascii	"cy_meta_custnvl\000"
 1611      6574615F 
 1611      63757374 
 1611      6E766C00 
 1612              	.LASF12:
 1613 00e7 63795F6D 		.ascii	"cy_meta_configecc\000"
 1613      6574615F 
 1613      636F6E66 
ARM GAS  C:\Users\danaukes\AppData\Local\Temp\cct4FgtV.s 			page 30


 1613      69676563 
 1613      6300
 1614              	.LASF8:
 1615 00f9 756E7369 		.ascii	"unsigned int\000"
 1615      676E6564 
 1615      20696E74 
 1615      00
 1616              	.LASF7:
 1617 0106 6C6F6E67 		.ascii	"long long unsigned int\000"
 1617      206C6F6E 
 1617      6720756E 
 1617      7369676E 
 1617      65642069 
 1618              	.LASF10:
 1619 011d 75696E74 		.ascii	"uint8_t\000"
 1619      385F7400 
 1620              	.LASF15:
 1621 0125 63795F6D 		.ascii	"cy_meta_flashprotect\000"
 1621      6574615F 
 1621      666C6173 
 1621      6870726F 
 1621      74656374 
 1622              	.LASF19:
 1623 013a 433A5C55 		.ascii	"C:\\Users\\danaukes\\projects\\code_pyscilloscope\\"
 1623      73657273 
 1623      5C64616E 
 1623      61756B65 
 1623      735C7072 
 1624 0168 70736F63 		.ascii	"psoc\\Workspace01\\Design01.cydsn\000"
 1624      5C576F72 
 1624      6B737061 
 1624      63653031 
 1624      5C446573 
 1625              	.LASF11:
 1626 0188 73697A65 		.ascii	"sizetype\000"
 1626      74797065 
 1626      00
 1627              	.LASF6:
 1628 0191 6C6F6E67 		.ascii	"long long int\000"
 1628      206C6F6E 
 1628      6720696E 
 1628      7400
 1629              	.LASF14:
 1630 019f 63795F6D 		.ascii	"cy_meta_wonvl\000"
 1630      6574615F 
 1630      776F6E76 
 1630      6C00
 1631              	.LASF2:
 1632 01ad 73686F72 		.ascii	"short int\000"
 1632      7420696E 
 1632      7400
 1633              	.LASF4:
 1634 01b7 6C6F6E67 		.ascii	"long int\000"
 1634      20696E74 
 1634      00
 1635              	.LASF0:
 1636 01c0 7369676E 		.ascii	"signed char\000"
ARM GAS  C:\Users\danaukes\AppData\Local\Temp\cct4FgtV.s 			page 31


 1636      65642063 
 1636      68617200 
 1637              	.LASF18:
 1638 01cc 47656E65 		.ascii	"Generated_Source\\PSoC5\\cymetadata.c\000"
 1638      72617465 
 1638      645F536F 
 1638      75726365 
 1638      5C50536F 
 1639              		.ident	"GCC: (GNU Tools for ARM Embedded Processors) 5.4.1 20160609 (release) [ARM/embedded-5-bran
